TN:
SF:src\App.tsx
FN:5,(anonymous_1)
FNF:1
FNH:1
FNDA:3,(anonymous_1)
DA:1,1
DA:2,1
DA:3,1
DA:5,1
DA:6,3
DA:12,3
LF:6
LH:6
BRF:0
BRH:0
end_of_record
TN:
SF:src\components\ScrollToTop.tsx
FN:4,(anonymous_0)
FN:7,(anonymous_1)
FNF:2
FNH:0
FNDA:0,(anonymous_0)
FNDA:0,(anonymous_1)
DA:1,0
DA:2,0
DA:4,0
DA:5,0
DA:7,0
DA:8,0
DA:11,0
LF:7
LH:0
BRF:0
BRH:0
end_of_record
TN:
SF:src\components\body\MainContent.tsx
FN:11,(anonymous_9)
FN:12,(anonymous_10)
FN:12,(anonymous_11)
FN:14,(anonymous_12)
FN:15,(anonymous_13)
FN:15,(anonymous_14)
FN:17,(anonymous_15)
FN:18,(anonymous_16)
FN:18,(anonymous_17)
FN:20,(anonymous_18)
FN:21,(anonymous_19)
FN:21,(anonymous_20)
FN:25,(anonymous_21)
FN:26,(anonymous_22)
FN:26,(anonymous_23)
FN:29,(anonymous_24)
FN:52,(anonymous_25)
FNF:17
FNH:17
FNDA:2,(anonymous_9)
FNDA:2,(anonymous_10)
FNDA:2,(anonymous_11)
FNDA:1,(anonymous_12)
FNDA:1,(anonymous_13)
FNDA:1,(anonymous_14)
FNDA:1,(anonymous_15)
FNDA:1,(anonymous_16)
FNDA:1,(anonymous_17)
FNDA:1,(anonymous_18)
FNDA:1,(anonymous_19)
FNDA:1,(anonymous_20)
FNDA:1,(anonymous_21)
FNDA:1,(anonymous_22)
FNDA:1,(anonymous_23)
FNDA:18,(anonymous_24)
FNDA:165,(anonymous_25)
DA:1,2
DA:2,2
DA:3,2
DA:4,2
DA:5,2
DA:6,2
DA:7,2
DA:8,2
DA:9,2
DA:11,2
DA:12,2
DA:14,2
DA:15,1
DA:17,2
DA:18,1
DA:20,2
DA:21,1
DA:25,2
DA:26,1
DA:29,2
DA:30,18
DA:53,165
LF:22
LH:22
BRF:0
BRH:0
end_of_record
TN:
SF:src\components\common\GalleryCard.tsx
FN:13,(anonymous_1)
FNF:1
FNH:1
FNDA:12,(anonymous_1)
DA:1,2
DA:2,2
DA:13,2
DA:21,12
LF:4
LH:4
BRDA:31,0,0,7
BRDA:31,0,1,5
BRF:2
BRH:2
end_of_record
TN:
SF:src\components\common\HeroBanner.tsx
FN:11,(anonymous_1)
FNF:1
FNH:1
FNDA:46,(anonymous_1)
DA:1,2
DA:11,2
DA:18,46
LF:3
LH:3
BRDA:14,0,0,1
BRDA:15,1,0,1
BRDA:27,2,0,46
BRDA:27,2,1,45
BRF:4
BRH:4
end_of_record
TN:
SF:src\components\common\NavItems.ts
FNF:0
FNH:0
DA:1,2
DA:9,2
LF:2
LH:2
BRF:0
BRH:0
end_of_record
TN:
SF:src\components\forms\Checkbox.tsx
FN:5,(anonymous_0)
FNF:1
FNH:1
FNDA:10,(anonymous_0)
DA:5,1
DA:6,10
LF:2
LH:2
BRDA:6,0,0,10
BRDA:6,0,1,9
BRF:2
BRH:2
end_of_record
TN:
SF:src\components\forms\TextInput.tsx
FN:8,(anonymous_0)
FNF:1
FNH:1
FNDA:9,(anonymous_0)
DA:1,1
DA:8,1
DA:15,9
DA:16,9
DA:18,9
LF:5
LH:5
BRDA:16,0,0,9
BRDA:16,0,1,9
BRDA:19,1,0,9
BRDA:19,1,1,8
BRDA:20,2,0,9
BRDA:20,2,1,2
BRDA:21,3,0,9
BRDA:21,3,1,8
BRF:8
BRH:8
end_of_record
TN:
SF:src\components\forms\Textarea.tsx
FN:6,(anonymous_0)
FNF:1
FNH:1
FNDA:9,(anonymous_0)
DA:6,1
DA:12,9
LF:2
LH:2
BRDA:12,0,0,9
BRDA:12,0,1,8
BRDA:14,1,0,9
BRDA:14,1,1,8
BRF:4
BRH:4
end_of_record
TN:
SF:src\components\header\DesktopNav.tsx
FN:5,(anonymous_0)
FN:11,(anonymous_1)
FNF:2
FNH:2
FNDA:13,(anonymous_0)
FNDA:50,(anonymous_1)
DA:1,2
DA:2,2
DA:3,2
DA:5,2
DA:6,13
DA:7,13
DA:9,10
DA:12,50
LF:8
LH:8
BRDA:7,0,0,3
BRDA:7,0,1,10
BRF:2
BRH:2
end_of_record
TN:
SF:src\components\header\Header.tsx
FN:8,(anonymous_0)
FN:14,(anonymous_1)
FN:19,(anonymous_2)
FNF:3
FNH:1
FNDA:13,(anonymous_0)
FNDA:0,(anonymous_1)
FNDA:0,(anonymous_2)
DA:2,2
DA:3,2
DA:4,2
DA:5,2
DA:6,2
DA:8,2
DA:9,13
DA:10,13
DA:14,0
DA:19,0
LF:10
LH:8
BRF:0
BRH:0
end_of_record
TN:
SF:src\components\header\HeaderLeft.tsx
FN:11,(anonymous_1)
FNF:1
FNH:1
FNDA:13,(anonymous_1)
DA:2,2
DA:3,2
DA:4,2
DA:5,2
DA:11,2
DA:12,13
DA:13,13
LF:7
LH:7
BRDA:15,0,0,3
BRDA:15,0,1,10
BRF:2
BRH:2
end_of_record
TN:
SF:src\components\header\HeaderMiddle.tsx
FN:6,(anonymous_1)
FNF:1
FNH:1
FNDA:13,(anonymous_1)
DA:1,2
DA:2,2
DA:3,2
DA:4,2
DA:6,2
DA:7,13
DA:8,13
LF:7
LH:7
BRDA:10,0,0,13
BRDA:10,0,1,3
BRF:2
BRH:2
end_of_record
TN:
SF:src\components\header\MobileMenu.tsx
FN:10,(anonymous_0)
FN:29,(anonymous_1)
FNF:2
FNH:2
FNDA:13,(anonymous_0)
FNDA:78,(anonymous_1)
DA:1,2
DA:2,2
DA:3,2
DA:10,2
DA:11,13
DA:30,78
LF:6
LH:6
BRDA:15,0,0,0
BRDA:15,0,1,13
BRDA:20,1,0,0
BRDA:20,1,1,13
BRF:4
BRH:2
end_of_record
TN:
SF:src\components\pages\ContactUs.tsx
FN:53,(anonymous_1)
FN:57,(anonymous_2)
FN:58,(anonymous_3)
FN:62,(anonymous_4)
FN:62,(anonymous_5)
FN:68,(anonymous_6)
FN:74,(anonymous_7)
FN:78,(anonymous_8)
FN:80,(anonymous_9)
FN:125,(anonymous_10)
FN:126,(anonymous_11)
FN:139,(anonymous_12)
FN:272,(anonymous_13)
FNF:13
FNH:11
FNDA:37,(anonymous_1)
FNDA:180,(anonymous_2)
FNDA:15,(anonymous_3)
FNDA:108,(anonymous_4)
FNDA:2,(anonymous_5)
FNDA:4,(anonymous_6)
FNDA:0,(anonymous_7)
FNDA:12,(anonymous_8)
FNDA:1,(anonymous_9)
FNDA:3,(anonymous_10)
FNDA:3,(anonymous_11)
FNDA:1,(anonymous_12)
FNDA:0,(anonymous_13)
DA:1,1
DA:2,1
DA:3,1
DA:4,1
DA:5,1
DA:6,1
DA:7,1
DA:8,1
DA:17,1
DA:18,1
DA:19,1
DA:21,1
DA:23,1
DA:39,1
DA:53,1
DA:54,37
DA:57,36
DA:58,180
DA:59,15
DA:62,108
DA:63,2
DA:68,36
DA:69,4
DA:71,4
DA:74,0
DA:77,4
DA:78,12
DA:82,1
DA:90,4
DA:91,4
DA:93,4
DA:106,4
DA:125,3
DA:127,3
DA:128,3
DA:129,3
DA:134,3
DA:136,0
DA:140,1
DA:141,1
DA:149,36
DA:273,0
LF:42
LH:39
BRDA:90,0,0,4
BRDA:90,0,1,3
BRDA:91,1,0,4
BRDA:91,1,1,4
BRDA:97,2,0,4
BRDA:97,2,1,4
BRDA:100,3,0,4
BRDA:100,3,1,3
BRDA:119,4,0,4
BRDA:119,4,1,4
BRDA:127,5,0,3
BRDA:127,5,1,0
BRF:12
BRH:11
end_of_record
TN:
SF:src\components\pages\about-us\AboutUs.tsx
FN:14,(anonymous_1)
FNF:1
FNH:0
FNDA:0,(anonymous_1)
DA:1,0
DA:2,0
DA:3,0
DA:4,0
DA:6,0
DA:7,0
DA:8,0
DA:9,0
DA:10,0
DA:14,0
DA:15,0
LF:11
LH:0
BRF:0
BRH:0
end_of_record
TN:
SF:src\components\pages\about-us\AboutUsCard.tsx
FN:8,(anonymous_0)
FNF:1
FNH:1
FNDA:13,(anonymous_0)
DA:8,1
DA:14,13
LF:2
LH:2
BRF:0
BRH:0
end_of_record
TN:
SF:src\components\pages\about-us\TedsAboutUsCard.tsx
FN:3,(anonymous_1)
FNF:1
FNH:0
FNDA:0,(anonymous_1)
DA:1,0
DA:3,0
DA:4,0
LF:3
LH:0
BRF:0
BRH:0
end_of_record
TN:
SF:src\components\pages\home\Home.tsx
FN:14,(anonymous_0)
FN:117,(anonymous_1)
FNF:2
FNH:2
FNDA:2,(anonymous_0)
FNDA:4,(anonymous_1)
DA:1,1
DA:2,1
DA:3,1
DA:4,1
DA:5,1
DA:6,1
DA:8,1
DA:9,1
DA:10,1
DA:14,1
DA:15,2
DA:118,4
LF:12
LH:12
BRF:0
BRH:0
end_of_record
TN:
SF:src\components\pages\home\HomeCard1.tsx
FN:9,(anonymous_0)
FNF:1
FNH:1
FNDA:20,(anonymous_0)
DA:9,2
DA:10,20
LF:2
LH:2
BRF:0
BRH:0
end_of_record
TN:
SF:src\components\pages\our-work\FadeSlider.tsx
FN:10,(anonymous_0)
FN:16,(anonymous_1)
FN:17,(anonymous_2)
FN:19,(anonymous_3)
FN:28,(anonymous_4)
FNF:5
FNH:0
FNDA:0,(anonymous_0)
FNDA:0,(anonymous_1)
FNDA:0,(anonymous_2)
FNDA:0,(anonymous_3)
FNDA:0,(anonymous_4)
DA:1,1
DA:2,1
DA:3,1
DA:4,1
DA:10,1
DA:11,0
DA:12,0
DA:16,0
DA:17,0
DA:18,0
DA:19,0
DA:22,0
DA:23,0
DA:25,0
DA:29,0
LF:15
LH:5
BRDA:40,0,0,0
BRDA:40,0,1,0
BRDA:46,1,0,0
BRDA:46,1,1,0
BRDA:63,2,0,0
BRDA:63,2,1,0
BRDA:67,3,0,0
BRDA:67,3,1,0
BRDA:72,4,0,0
BRDA:72,4,1,0
BRF:10
BRH:0
end_of_record
TN:
SF:src\components\pages\our-work\OurWork.tsx
FN:5,(anonymous_0)
FN:8,(anonymous_1)
FN:11,(anonymous_2)
FN:24,(anonymous_3)
FN:49,(anonymous_4)
FNF:5
FNH:0
FNDA:0,(anonymous_0)
FNDA:0,(anonymous_1)
FNDA:0,(anonymous_2)
FNDA:0,(anonymous_3)
FNDA:0,(anonymous_4)
DA:1,0
DA:2,0
DA:3,0
DA:5,0
DA:6,0
DA:9,0
DA:12,0
DA:25,0
DA:50,0
LF:9
LH:0
BRF:0
BRH:0
end_of_record
TN:
SF:src\components\pages\our-work\ProjectPage.tsx
FN:17,(anonymous_0)
FN:26,(anonymous_1)
FN:27,(anonymous_2)
FN:30,(anonymous_3)
FN:40,(anonymous_4)
FN:43,(anonymous_5)
FNF:6
FNH:6
FNDA:20,(anonymous_0)
FNDA:18,(anonymous_1)
FNDA:54,(anonymous_2)
FNDA:18,(anonymous_3)
FNDA:3,(anonymous_4)
FNDA:1,(anonymous_5)
DA:1,2
DA:2,2
DA:3,2
DA:4,2
DA:5,2
DA:6,2
DA:7,2
DA:8,2
DA:9,2
DA:17,2
DA:22,20
DA:23,20
DA:24,20
DA:26,20
DA:27,54
DA:30,20
DA:31,18
DA:33,18
DA:34,18
DA:36,18
DA:37,18
DA:40,20
DA:41,3
DA:42,3
DA:43,1
DA:47,20
LF:26
LH:26
BRDA:24,0,0,2
BRDA:24,0,1,18
BRDA:24,1,0,2
BRDA:24,1,1,16
BRDA:31,2,0,0
BRDA:31,2,1,18
BRDA:42,3,0,2
BRDA:42,3,1,1
BRF:8
BRH:7
end_of_record
TN:
SF:src\components\pages\our-work\ourWorkData.ts
FNF:0
FNH:0
DA:2,1
DA:3,1
DA:4,1
DA:5,1
DA:6,1
DA:7,1
DA:8,1
DA:9,1
DA:10,1
DA:11,1
DA:12,1
DA:13,1
DA:14,1
DA:15,1
DA:16,1
DA:17,1
DA:29,1
DA:30,1
DA:31,1
DA:32,1
DA:33,1
DA:34,1
DA:35,1
DA:36,1
DA:37,1
DA:38,1
DA:39,1
DA:40,1
DA:41,1
DA:42,1
DA:43,1
DA:44,1
DA:45,1
DA:46,1
DA:47,1
DA:48,1
DA:49,1
DA:50,1
DA:51,1
DA:52,1
DA:53,1
DA:54,1
DA:55,1
DA:56,1
DA:57,1
DA:58,1
DA:59,1
DA:60,1
DA:61,1
DA:62,1
DA:63,1
DA:64,1
DA:65,1
DA:66,1
DA:67,1
DA:68,1
DA:69,1
DA:70,1
DA:71,1
DA:72,1
DA:73,1
DA:74,1
DA:75,1
DA:76,1
DA:77,1
DA:78,1
DA:79,1
DA:80,1
DA:83,1
DA:84,1
DA:85,1
DA:86,1
DA:87,1
DA:88,1
DA:89,1
DA:90,1
DA:91,1
DA:92,1
DA:93,1
DA:94,1
DA:95,1
DA:96,1
DA:97,1
DA:98,1
DA:99,1
DA:100,1
DA:103,1
DA:104,1
DA:105,1
DA:106,1
DA:107,1
DA:108,1
DA:109,1
DA:110,1
DA:111,1
DA:112,1
DA:113,1
DA:114,1
DA:115,1
DA:116,1
DA:117,1
DA:118,1
DA:119,1
DA:120,1
DA:121,1
DA:122,1
DA:123,1
DA:124,1
DA:125,1
DA:126,1
DA:127,1
DA:128,1
DA:129,1
DA:130,1
DA:131,1
DA:132,1
DA:140,1
DA:159,1
LF:118
LH:118
BRF:0
BRH:0
end_of_record
TN:
SF:src\components\pages\services\Construction.tsx
FN:5,(anonymous_0)
FNF:1
FNH:0
FNDA:0,(anonymous_0)
DA:1,1
DA:5,1
DA:6,0
LF:3
LH:2
BRF:0
BRH:0
end_of_record
TN:
SF:src\components\pages\services\CorporateMarketing.tsx
FN:5,(anonymous_0)
FNF:1
FNH:0
FNDA:0,(anonymous_0)
DA:1,1
DA:5,1
DA:6,0
LF:3
LH:2
BRF:0
BRH:0
end_of_record
TN:
SF:src\components\pages\services\Documentaries.tsx
FN:5,(anonymous_0)
FNF:1
FNH:0
FNDA:0,(anonymous_0)
DA:1,1
DA:5,1
DA:6,0
LF:3
LH:2
BRF:0
BRH:0
end_of_record
TN:
SF:src\components\pages\services\OurServices.tsx
FN:15,(anonymous_1)
FNF:1
FNH:0
FNDA:0,(anonymous_1)
DA:1,0
DA:2,0
DA:3,0
DA:4,0
DA:5,0
DA:6,0
DA:7,0
DA:8,0
DA:9,0
DA:10,0
DA:11,0
DA:15,0
DA:16,0
LF:13
LH:0
BRF:0
BRH:0
end_of_record
TN:
SF:src\components\pages\services\OurServicesCard1.tsx
FN:6,(anonymous_0)
FN:10,(anonymous_1)
FNF:2
FNH:2
FNDA:13,(anonymous_0)
FNDA:34,(anonymous_1)
DA:6,1
DA:7,13
DA:11,34
LF:3
LH:3
BRF:0
BRH:0
end_of_record
TN:
SF:src\components\pages\services\OurServicesCard2.tsx
FN:10,(anonymous_0)
FNF:1
FNH:1
FNDA:15,(anonymous_0)
DA:1,1
DA:10,1
DA:16,15
LF:3
LH:3
BRF:0
BRH:0
end_of_record
TN:
SF:src\components\pages\services\TourismAndResort.tsx
FN:5,(anonymous_0)
FNF:1
FNH:0
FNDA:0,(anonymous_0)
DA:1,1
DA:5,1
DA:6,0
LF:3
LH:2
BRF:0
BRH:0
end_of_record
TN:
SF:src\components\ui\Spinner.tsx
FN:3,(anonymous_1)
FNF:1
FNH:1
FNDA:9,(anonymous_1)
DA:1,3
DA:3,3
DA:4,9
LF:3
LH:3
BRF:0
BRH:0
end_of_record
TN:
SF:src\containers\WindowSize.tsx
FN:4,(anonymous_0)
FN:7,(anonymous_1)
FN:11,(anonymous_2)
FN:13,(anonymous_3)
FNF:4
FNH:4
FNDA:61,(anonymous_0)
FNDA:4,(anonymous_1)
FNDA:59,(anonymous_2)
FNDA:59,(anonymous_3)
DA:1,5
DA:2,5
DA:4,5
DA:5,61
DA:7,61
DA:8,4
DA:11,61
DA:12,59
DA:13,59
DA:14,59
DA:18,61
DA:20,61
DA:23,5
LF:13
LH:13
BRF:0
BRH:0
end_of_record
